Determining if the pthread_create exist failed with the following output:
Change Dir: /home/bintol01/Documents/fictional-record/daily_report/2019/month_11/20191127/qt_plot_jugger_ws/build/CMakeFiles/CMakeTmp

Run Build Command:"/usr/bin/make" "cmTC_8818f/fast"
/usr/bin/make -f CMakeFiles/cmTC_8818f.dir/build.make CMakeFiles/cmTC_8818f.dir/build
make[1]: Entering directory '/home/bintol01/Documents/fictional-record/daily_report/2019/month_11/20191127/qt_plot_jugger_ws/build/CMakeFiles/CMakeTmp'
Building C object CMakeFiles/cmTC_8818f.dir/CheckSymbolExists.c.o
/usr/bin/cc     -o CMakeFiles/cmTC_8818f.dir/CheckSymbolExists.c.o   -c /home/bintol01/Documents/fictional-record/daily_report/2019/month_11/20191127/qt_plot_jugger_ws/build/CMakeFiles/CMakeTmp/CheckSymbolExists.c
Linking C executable cmTC_8818f
/usr/bin/cmake -E cmake_link_script CMakeFiles/cmTC_8818f.dir/link.txt --verbose=1
/usr/bin/cc       CMakeFiles/cmTC_8818f.dir/CheckSymbolExists.c.o  -o cmTC_8818f -rdynamic 
CMakeFiles/cmTC_8818f.dir/CheckSymbolExists.c.o: In function `main':
CheckSymbolExists.c:(.text+0x16): undefined reference to `pthread_create'
collect2: error: ld returned 1 exit status
CMakeFiles/cmTC_8818f.dir/build.make:97: recipe for target 'cmTC_8818f' failed
make[1]: *** [cmTC_8818f] Error 1
make[1]: Leaving directory '/home/bintol01/Documents/fictional-record/daily_report/2019/month_11/20191127/qt_plot_jugger_ws/build/CMakeFiles/CMakeTmp'
Makefile:126: recipe for target 'cmTC_8818f/fast' failed
make: *** [cmTC_8818f/fast] Error 2

File /home/bintol01/Documents/fictional-record/daily_report/2019/month_11/20191127/qt_plot_jugger_ws/build/CMakeFiles/CMakeTmp/CheckSymbolExists.c:
/* */
#include <pthread.h>

int main(int argc, char** argv)
{
  (void)argv;
#ifndef pthread_create
  return ((int*)(&pthread_create))[argc];
#else
  (void)argc;
  return 0;
#endif
}

Determining if the function pthread_create exists in the pthreads failed with the following output:
Change Dir: /home/bintol01/Documents/fictional-record/daily_report/2019/month_11/20191127/qt_plot_jugger_ws/build/CMakeFiles/CMakeTmp

Run Build Command:"/usr/bin/make" "cmTC_3578c/fast"
/usr/bin/make -f CMakeFiles/cmTC_3578c.dir/build.make CMakeFiles/cmTC_3578c.dir/build
make[1]: Entering directory '/home/bintol01/Documents/fictional-record/daily_report/2019/month_11/20191127/qt_plot_jugger_ws/build/CMakeFiles/CMakeTmp'
Building C object CMakeFiles/cmTC_3578c.dir/CheckFunctionExists.c.o
/usr/bin/cc    -DCHECK_FUNCTION_EXISTS=pthread_create   -o CMakeFiles/cmTC_3578c.dir/CheckFunctionExists.c.o   -c /usr/share/cmake-3.5/Modules/CheckFunctionExists.c
Linking C executable cmTC_3578c
/usr/bin/cmake -E cmake_link_script CMakeFiles/cmTC_3578c.dir/link.txt --verbose=1
/usr/bin/cc   -DCHECK_FUNCTION_EXISTS=pthread_create    CMakeFiles/cmTC_3578c.dir/CheckFunctionExists.c.o  -o cmTC_3578c -rdynamic -lpthreads 
/usr/bin/ld: cannot find -lpthreads
collect2: error: ld returned 1 exit status
CMakeFiles/cmTC_3578c.dir/build.make:97: recipe for target 'cmTC_3578c' failed
make[1]: *** [cmTC_3578c] Error 1
make[1]: Leaving directory '/home/bintol01/Documents/fictional-record/daily_report/2019/month_11/20191127/qt_plot_jugger_ws/build/CMakeFiles/CMakeTmp'
Makefile:126: recipe for target 'cmTC_3578c/fast' failed
make: *** [cmTC_3578c/fast] Error 2


Performing C++ SOURCE FILE Test FMT_HAS_VARIANT failed with the following output:
Change Dir: /home/bintol01/Documents/fictional-record/daily_report/2019/month_11/20191127/qt_plot_jugger_ws/build/CMakeFiles/CMakeTmp

Run Build Command:"/usr/bin/make" "cmTC_c979a/fast"
/usr/bin/make -f CMakeFiles/cmTC_c979a.dir/build.make CMakeFiles/cmTC_c979a.dir/build
make[1]: Entering directory '/home/bintol01/Documents/fictional-record/daily_report/2019/month_11/20191127/qt_plot_jugger_ws/build/CMakeFiles/CMakeTmp'
Building CXX object CMakeFiles/cmTC_c979a.dir/src.cxx.o
/usr/bin/c++     -DFMT_HAS_VARIANT -std=c++1z   -o CMakeFiles/cmTC_c979a.dir/src.cxx.o -c /home/bintol01/Documents/fictional-record/daily_report/2019/month_11/20191127/qt_plot_jugger_ws/build/CMakeFiles/CMakeTmp/src.cxx
/home/bintol01/Documents/fictional-record/daily_report/2019/month_11/20191127/qt_plot_jugger_ws/build/CMakeFiles/CMakeTmp/src.cxx:2:21: fatal error: variant: No such file or directory
compilation terminated.
CMakeFiles/cmTC_c979a.dir/build.make:65: recipe for target 'CMakeFiles/cmTC_c979a.dir/src.cxx.o' failed
make[1]: *** [CMakeFiles/cmTC_c979a.dir/src.cxx.o] Error 1
make[1]: Leaving directory '/home/bintol01/Documents/fictional-record/daily_report/2019/month_11/20191127/qt_plot_jugger_ws/build/CMakeFiles/CMakeTmp'
Makefile:126: recipe for target 'cmTC_c979a/fast' failed
make: *** [cmTC_c979a/fast] Error 2

Source file was:

  #include <variant>
  int main() {}
Determining if the strtod_l exist failed with the following output:
Change Dir: /home/bintol01/Documents/fictional-record/daily_report/2019/month_11/20191127/qt_plot_jugger_ws/build/CMakeFiles/CMakeTmp

Run Build Command:"/usr/bin/make" "cmTC_2482f/fast"
/usr/bin/make -f CMakeFiles/cmTC_2482f.dir/build.make CMakeFiles/cmTC_2482f.dir/build
make[1]: Entering directory '/home/bintol01/Documents/fictional-record/daily_report/2019/month_11/20191127/qt_plot_jugger_ws/build/CMakeFiles/CMakeTmp'
Building C object CMakeFiles/cmTC_2482f.dir/CheckSymbolExists.c.o
/usr/bin/cc     -o CMakeFiles/cmTC_2482f.dir/CheckSymbolExists.c.o   -c /home/bintol01/Documents/fictional-record/daily_report/2019/month_11/20191127/qt_plot_jugger_ws/build/CMakeFiles/CMakeTmp/CheckSymbolExists.c
/home/bintol01/Documents/fictional-record/daily_report/2019/month_11/20191127/qt_plot_jugger_ws/build/CMakeFiles/CMakeTmp/CheckSymbolExists.c: In function ‘main’:
/home/bintol01/Documents/fictional-record/daily_report/2019/month_11/20191127/qt_plot_jugger_ws/build/CMakeFiles/CMakeTmp/CheckSymbolExists.c:8:19: error: ‘strtod_l’ undeclared (first use in this function)
   return ((int*)(&strtod_l))[argc];
                   ^
/home/bintol01/Documents/fictional-record/daily_report/2019/month_11/20191127/qt_plot_jugger_ws/build/CMakeFiles/CMakeTmp/CheckSymbolExists.c:8:19: note: each undeclared identifier is reported only once for each function it appears in
CMakeFiles/cmTC_2482f.dir/build.make:65: recipe for target 'CMakeFiles/cmTC_2482f.dir/CheckSymbolExists.c.o' failed
make[1]: *** [CMakeFiles/cmTC_2482f.dir/CheckSymbolExists.c.o] Error 1
make[1]: Leaving directory '/home/bintol01/Documents/fictional-record/daily_report/2019/month_11/20191127/qt_plot_jugger_ws/build/CMakeFiles/CMakeTmp'
Makefile:126: recipe for target 'cmTC_2482f/fast' failed
make: *** [cmTC_2482f/fast] Error 2

File /home/bintol01/Documents/fictional-record/daily_report/2019/month_11/20191127/qt_plot_jugger_ws/build/CMakeFiles/CMakeTmp/CheckSymbolExists.c:
/* */
#include <stdlib.h>

int main(int argc, char** argv)
{
  (void)argv;
#ifndef strtod_l
  return ((int*)(&strtod_l))[argc];
#else
  (void)argc;
  return 0;
#endif
}

